<?xml version="1.0" encoding="UTF-8"?>
<!-- Generated by org.testng.reporters.JUnitReportReporter -->
<testsuite hostname="nipunverma" failures="0" tests="1" name="TestRunner.TestRunner" time="20.792" errors="0" timestamp="2021-10-08T12:45:09 IST" skipped="0">
  <testcase classname="TestRunner.TestRunner" name="runScenario" time="20.792"/>
  <system-out/>
</testsuite> <!-- TestRunner.TestRunner -->
