<?xml version="1.0" encoding="UTF-8"?>
<!-- Generated by org.testng.reporters.JUnitReportReporter -->
<testsuite hostname="nipunverma" failures="0" tests="1" name="TestRunner.TestRunnerWithTestNG" time="19.909" errors="0" timestamp="2021-10-08T13:01:10 IST" skipped="0">
  <testcase classname="TestRunner.TestRunnerWithTestNG" name="runScenario" time="19.909"/>
  <system-out/>
</testsuite> <!-- TestRunner.TestRunnerWithTestNG -->
